[35m[Appium][39m Welcome to Appium v1.22.3
[35m[Appium][39m Non-default server args:
[35m[Appium][39m   port: 50432
[35m[Appium][39m   loglevel: info
[35m[Appium][39m   tmpDir: C:\Users\Fajar\AppData\Local\Temp\\Katalon\Appium\Temp1658952654701
[35m[Appium][39m   chromedriverPort: 50433
[35m[Appium][39m Deprecated server args:
[35m[Appium][39m   [31m--chromedriver-port[39m => --default-capabilities
[35m[Appium][39m Default capabilities, which will be added to each request unless overridden by desired capabilities:
[35m[Appium][39m   chromedriverPort: 50433
[35m[Appium][39m Appium REST http interface listener started on 0.0.0.0:50432
[35m[HTTP][39m [37m-->[39m [37mGET[39m [37m/wd/hub/status[39m
[35m[HTTP][39m [90m{}[39m
[35m[HTTP][39m [37m<-- GET /wd/hub/status [39m[32m200[39m [90m9 ms - 68[39m
[35m[HTTP][39m [90m[39m
[35m[HTTP][39m [37m-->[39m [37mGET[39m [37m/wd/hub/status[39m
[35m[HTTP][39m [90m{}[39m
[35m[HTTP][39m [37m<-- GET /wd/hub/status [39m[32m200[39m [90m2 ms - 68[39m
[35m[HTTP][39m [90m[39m
[35m[HTTP][39m [37m-->[39m [37mPOST[39m [37m/wd/hub/session[39m
[35m[HTTP][39m [90m{"desiredCapabilities":{"appActivity":".Settings","appPackage":"com.android.settings","newCommandTimeout":1800,"platformVersion":"9","automationName":"uiautomator2","autoGrantPermissions":true,"platformName":"Android","udid":"b923674","deviceName":"Xiaomi Redmi Note 7 (Android 9)","platform":"ANDROID","systemPort":8267},"capabilities":{"firstMatch":[{"appium:appActivity":".Settings","appium:appPackage":"com.android.settings","appium:autoGrantPermissions":true,"appium:automationName":"uiautomator2","appium:deviceName":"Xiaomi Redmi Note 7 (Android 9)","appium:newCommandTimeout":1800,"platform":"ANDROID","platformName":"android","appium:platformVersion":"9","appium:systemPort":8267,"appium:udid":"b923674"}]}}[39m
[35m[BaseDriver][39m The following capabilities are not standard capabilities and should have an extension prefix:
[35m[BaseDriver][39m   platform
[35m[BaseDriver][39m   chromedriverPort
[35m[Appium][39m Appium v1.22.3 creating new AndroidUiautomator2Driver (v1.70.1) session
[35m[BaseDriver][39m The following capabilities were provided, but are not recognized by Appium:
[35m[BaseDriver][39m   platform
[35m[BaseDriver][39m Session created with session id: d5ed7654-d366-461b-bbea-cace4e739056
[35m[UiAutomator2][39m Starting 'com.android.settings' directly on the device
[35m[ADB][39m Found 1 'build-tools' folders under 'C:\Users\Fajar\.katalon\tools\android_sdk' (newest first):
[35m[ADB][39m     C:/Users/Fajar/.katalon/tools/android_sdk/build-tools/29.0.3
[35m[ADB][39m Using 'adb.exe' from 'C:\Users\Fajar\.katalon\tools\android_sdk\platform-tools\adb.exe'
[35m[AndroidDriver][39m Retrieving device list
[35m[AndroidDriver][39m Using device: b923674
[35m[ADB][39m Using 'adb.exe' from 'C:\Users\Fajar\.katalon\tools\android_sdk\platform-tools\adb.exe'
[35m[ADB][39m Getting device platform version
[35m[UiAutomator2][39m Relaxing hidden api policy
[35m[AndroidDriver][39m No app sent in, not parsing package/activity
[35m[ADB][39m Using 'apksigner.jar' from 'C:\Users\Fajar\.katalon\tools\android_sdk\build-tools\29.0.3\lib\apksigner.jar'
[35m[ADB][39m 'C:\Users\Fajar\AppData\Roaming\npm\node_modules\appium\node_modules\appium-uiautomator2-server\apks\appium-uiautomator2-server-v4.27.0.apk' is signed with the default certificate
[35m[ADB][39m 'C:\Users\Fajar\AppData\Roaming\npm\node_modules\appium\node_modules\appium-uiautomator2-server\apks\appium-uiautomator2-server-debug-androidTest.apk' is signed with the default certificate
[35m[UiAutomator2][39m Server packages are not going to be (re)installed
[35m[ADB][39m Adding packages ["io.appium.settings","io.appium.uiautomator2.server","io.appium.uiautomator2.server.test"] to Doze whitelist
[35m[UiAutomator2][39m Starting UIAutomator2 server 4.27.0
[35m[UiAutomator2][39m Using UIAutomator2 server from 'C:\Users\Fajar\AppData\Roaming\npm\node_modules\appium\node_modules\appium-uiautomator2-server\apks\appium-uiautomator2-server-v4.27.0.apk' and test from 'C:\Users\Fajar\AppData\Roaming\npm\node_modules\appium\node_modules\appium-uiautomator2-server\apks\appium-uiautomator2-server-debug-androidTest.apk'
[35m[UiAutomator2][39m Waiting up to 30000ms for UiAutomator2 to be online...
[35m[WD Proxy][39m socket hang up
[35m[WD Proxy][39m socket hang up
[35m[WD Proxy][39m socket hang up
[35m[WD Proxy][39m socket hang up
[35m[WD Proxy][39m Determined the downstream protocol as 'W3C'
[35m[AndroidDriver][39m Screen already unlocked, doing nothing
[35m[UiAutomator2][39m Starting 'com.android.settings/.Settings and waiting for 'com.android.settings/.Settings'
[35m[Appium][39m New AndroidUiautomator2Driver session created successfully, session d5ed7654-d366-461b-bbea-cace4e739056 added to master session list
[35m[HTTP][39m [37m<-- POST /wd/hub/session [39m[32m200[39m [90m14821 ms - 1144[39m
[35m[HTTP][39m [90m[39m
[35m[HTTP][39m [37m-->[39m [37mGET[39m [37m/wd/hub/session/d5ed7654-d366-461b-bbea-cace4e739056[39m
[35m[HTTP][39m [90m{}[39m
[35m[HTTP][39m [37m<-- GET /wd/hub/session/d5ed7654-d366-461b-bbea-cace4e739056 [39m[32m200[39m [90m26 ms - 1098[39m
[35m[HTTP][39m [90m[39m
[35m[HTTP][39m [37m-->[39m [37mGET[39m [37m/wd/hub/session/d5ed7654-d366-461b-bbea-cace4e739056[39m
[35m[HTTP][39m [90m{}[39m
[35m[HTTP][39m [37m<-- GET /wd/hub/session/d5ed7654-d366-461b-bbea-cace4e739056 [39m[32m200[39m [90m25 ms - 1098[39m
[35m[HTTP][39m [90m[39m
[35m[HTTP][39m [37m-->[39m [37mGET[39m [37m/wd/hub/status[39m
[35m[HTTP][39m [90m{}[39m
[35m[HTTP][39m [37m<-- GET /wd/hub/status [39m[32m200[39m [90m2 ms - 68[39m
[35m[HTTP][39m [90m[39m
[35m[HTTP][39m [37m-->[39m [37mPOST[39m [37m/wd/hub/session/d5ed7654-d366-461b-bbea-cace4e739056/timeouts[39m
[35m[HTTP][39m [90m{"implicit":60000}[39m
[35m[HTTP][39m [37m<-- POST /wd/hub/session/d5ed7654-d366-461b-bbea-cace4e739056/timeouts [39m[32m200[39m [90m5 ms - 14[39m
[35m[HTTP][39m [90m[39m
[35m[HTTP][39m [37m-->[39m [37mGET[39m [37m/wd/hub/session/d5ed7654-d366-461b-bbea-cace4e739056/screenshot[39m
[35m[HTTP][39m [90m{}[39m
[35m[HTTP][39m [37m<-- GET /wd/hub/session/d5ed7654-d366-461b-bbea-cace4e739056/screenshot [39m[32m200[39m [90m589 ms - 176432[39m
[35m[HTTP][39m [90m[39m
[35m[HTTP][39m [37m-->[39m [37mGET[39m [37m/wd/hub/session/d5ed7654-d366-461b-bbea-cace4e739056/window/rect[39m
[35m[HTTP][39m [90m{}[39m
[35m[HTTP][39m [37m<-- GET /wd/hub/session/d5ed7654-d366-461b-bbea-cace4e739056/window/rect [39m[32m200[39m [90m75 ms - 50[39m
[35m[HTTP][39m [90m[39m
[35m[HTTP][39m [37m-->[39m [37mGET[39m [37m/wd/hub/session/d5ed7654-d366-461b-bbea-cace4e739056/appium/device/system_bars[39m
[35m[HTTP][39m [90m{}[39m
[35m[HTTP][39m [37m<-- GET /wd/hub/session/d5ed7654-d366-461b-bbea-cace4e739056/appium/device/system_bars [39m[32m200[39m [90m221 ms - 148[39m
[35m[HTTP][39m [90m[39m
[35m[HTTP][39m [37m-->[39m [37mPOST[39m [37m/wd/hub/session/d5ed7654-d366-461b-bbea-cace4e739056/appium/device/activate_app[39m
[35m[HTTP][39m [90m{"bundleId":"com.samsung.ecomm"}[39m
[35m[HTTP][39m [37m<-- POST /wd/hub/session/d5ed7654-d366-461b-bbea-cace4e739056/appium/device/activate_app [39m[32m200[39m [90m794 ms - 14[39m
[35m[HTTP][39m [90m[39m
[35m[HTTP][39m [37m-->[39m [37mGET[39m [37m/wd/hub/session/d5ed7654-d366-461b-bbea-cace4e739056/source[39m
[35m[HTTP][39m [90m{}[39m
[35m[W3C (d5ed7654)][39m Driver proxy active, passing request on via HTTP proxy
[35m[WD Proxy][39m Replacing sessionId 6418846b-bec9-4f15-a23a-c581fe2648ac with d5ed7654-d366-461b-bbea-cace4e739056
[35m[HTTP][39m [37m<-- GET /wd/hub/session/d5ed7654-d366-461b-bbea-cace4e739056/source [39m[32m200[39m [90m3738 ms - 15537[39m
[35m[HTTP][39m [90m[39m
[35m[HTTP][39m [37m-->[39m [37mGET[39m [37m/wd/hub/session/d5ed7654-d366-461b-bbea-cace4e739056/screenshot[39m
[35m[HTTP][39m [90m{}[39m
[35m[HTTP][39m [37m<-- GET /wd/hub/session/d5ed7654-d366-461b-bbea-cace4e739056/screenshot [39m[32m200[39m [90m1382 ms - 2068162[39m
[35m[HTTP][39m [90m[39m
[35m[HTTP][39m [37m-->[39m [37mPOST[39m [37m/wd/hub/session/d5ed7654-d366-461b-bbea-cace4e739056/elements[39m
[35m[HTTP][39m [90m{"using":"xpath","value":"//*[@class = 'android.widget.TextView' and (@text = 'SHOP' or . = 'SHOP') and @resource-id = 'android:id/text1']"}[39m
[35m[HTTP][39m [37m<-- POST /wd/hub/session/d5ed7654-d366-461b-bbea-cace4e739056/elements [39m[32m200[39m [90m65838 ms - 12[39m
[35m[HTTP][39m [90m[39m
[35m[HTTP][39m [37m-->[39m [37mPOST[39m [37m/wd/hub/session/d5ed7654-d366-461b-bbea-cace4e739056/elements[39m
[35m[HTTP][39m [90m{"using":"id","value":"android:id/text1"}[39m
[35m[HTTP][39m [37m<-- POST /wd/hub/session/d5ed7654-d366-461b-bbea-cace4e739056/elements [39m[32m200[39m [90m63690 ms - 12[39m
[35m[HTTP][39m [90m[39m
[35m[HTTP][39m [37m-->[39m [37mPOST[39m [37m/wd/hub/session/d5ed7654-d366-461b-bbea-cace4e739056/elements[39m
[35m[HTTP][39m [90m{"using":"-android uiautomator","value":"new UiSelector().className(\"android.widget.TextView\").text(\"SHOP\").resourceId(\"android:id/text1\")"}[39m
[35m[HTTP][39m [37m<-- POST /wd/hub/session/d5ed7654-d366-461b-bbea-cace4e739056/elements [39m[32m200[39m [90m61589 ms - 12[39m
[35m[HTTP][39m [90m[39m
[35m[HTTP][39m [37m-->[39m [37mGET[39m [37m/wd/hub/session/d5ed7654-d366-461b-bbea-cace4e739056/window/rect[39m
[35m[HTTP][39m [90m{}[39m
[35m[HTTP][39m [37m<-- GET /wd/hub/session/d5ed7654-d366-461b-bbea-cace4e739056/window/rect [39m[32m200[39m [90m58 ms - 50[39m
[35m[HTTP][39m [90m[39m
[35m[HTTP][39m [37m-->[39m [37mPOST[39m [37m/wd/hub/session/d5ed7654-d366-461b-bbea-cace4e739056/elements[39m
[35m[HTTP][39m [90m{"using":"xpath","value":"//hierarchy/android.widget.FrameLayout[1]/android.widget.LinearLayout[1]/android.widget.FrameLayout[1]/android.widget.LinearLayout[1]/android.widget.FrameLayout[1]/android.widget.RelativeLayout[1]/androidx.drawerlayout.widget.DrawerLayout[1]/android.widget.RelativeLayout[1]/android.widget.FrameLayout[1]/android.view.ViewGroup[1]/android.widget.LinearLayout[1]/android.widget.HorizontalScrollView[1]/android.widget.LinearLayout[1]/android.widget.LinearLayout[3]/android.widget.TextView[1]"}[39m
[35m[HTTP][39m [37m<-- POST /wd/hub/session/d5ed7654-d366-461b-bbea-cace4e739056/elements [39m[32m200[39m [90m10328 ms - 139[39m
[35m[HTTP][39m [90m[39m
[35m[HTTP][39m [37m-->[39m [37mGET[39m [37m/wd/hub/session/d5ed7654-d366-461b-bbea-cace4e739056/element/00000000-0000-0117-ffff-ffff0000002d/location[39m
[35m[HTTP][39m [90m{}[39m
[35m[W3C (d5ed7654)][39m Driver proxy active, passing request on via HTTP proxy
[35m[WD Proxy][39m Replacing sessionId 6418846b-bec9-4f15-a23a-c581fe2648ac with d5ed7654-d366-461b-bbea-cace4e739056
[35m[HTTP][39m [37m<-- GET /wd/hub/session/d5ed7654-d366-461b-bbea-cace4e739056/element/00000000-0000-0117-ffff-ffff0000002d/location [39m[32m200[39m [90m20269 ms - 78[39m
[35m[HTTP][39m [90m[39m
[35m[HTTP][39m [37m-->[39m [37mPOST[39m [37m/wd/hub/session/d5ed7654-d366-461b-bbea-cace4e739056/element/00000000-0000-0117-ffff-ffff0000002d/click[39m
[35m[HTTP][39m [90m{"id":"00000000-0000-0117-ffff-ffff0000002d"}[39m
[35m[HTTP][39m [37m<-- POST /wd/hub/session/d5ed7654-d366-461b-bbea-cace4e739056/element/00000000-0000-0117-ffff-ffff0000002d/click [39m[32m200[39m [90m20749 ms - 14[39m
[35m[HTTP][39m [90m[39m
[35m[HTTP][39m [37m-->[39m [37mGET[39m [37m/wd/hub/session/d5ed7654-d366-461b-bbea-cace4e739056/source[39m
[35m[HTTP][39m [90m{}[39m
[35m[W3C (d5ed7654)][39m Driver proxy active, passing request on via HTTP proxy
[35m[WD Proxy][39m Replacing sessionId 6418846b-bec9-4f15-a23a-c581fe2648ac with d5ed7654-d366-461b-bbea-cace4e739056
[35m[HTTP][39m [37m<-- GET /wd/hub/session/d5ed7654-d366-461b-bbea-cace4e739056/source [39m[32m200[39m [90m10442 ms - 24335[39m
[35m[HTTP][39m [90m[39m
[35m[HTTP][39m [37m-->[39m [37mGET[39m [37m/wd/hub/session/d5ed7654-d366-461b-bbea-cace4e739056/screenshot[39m
[35m[HTTP][39m [90m{}[39m
[35m[HTTP][39m [37m<-- GET /wd/hub/session/d5ed7654-d366-461b-bbea-cace4e739056/screenshot [39m[32m200[39m [90m1731 ms - 1592994[39m
[35m[HTTP][39m [90m[39m
[35m[HTTP][39m [37m-->[39m [37mPOST[39m [37m/wd/hub/session/d5ed7654-d366-461b-bbea-cace4e739056/elements[39m
[35m[HTTP][39m [90m{"using":"xpath","value":"//*[@class = 'android.widget.RelativeLayout' and (@text = '' or . = '')]"}[39m
[35m[HTTP][39m [37m<-- POST /wd/hub/session/d5ed7654-d366-461b-bbea-cace4e739056/elements [39m[32m200[39m [90m10291 ms - 1035[39m
[35m[HTTP][39m [90m[39m
[35m[HTTP][39m [37m-->[39m [37mPOST[39m [37m/wd/hub/session/d5ed7654-d366-461b-bbea-cace4e739056/elements[39m
[35m[HTTP][39m [90m{"using":"accessibility id","value":"Phones"}[39m
[35m[HTTP][39m [37m<-- POST /wd/hub/session/d5ed7654-d366-461b-bbea-cace4e739056/elements [39m[32m200[39m [90m10088 ms - 139[39m
[35m[HTTP][39m [90m[39m
[35m[HTTP][39m [37m-->[39m [37mGET[39m [37m/wd/hub/session/d5ed7654-d366-461b-bbea-cace4e739056/window/rect[39m
[35m[HTTP][39m [90m{}[39m
[35m[HTTP][39m [37m<-- GET /wd/hub/session/d5ed7654-d366-461b-bbea-cace4e739056/window/rect [39m[32m200[39m [90m33 ms - 50[39m
[35m[HTTP][39m [90m[39m
[35m[HTTP][39m [37m-->[39m [37mPOST[39m [37m/wd/hub/session/d5ed7654-d366-461b-bbea-cace4e739056/elements[39m
[35m[HTTP][39m [90m{"using":"accessibility id","value":"Phones"}[39m
[35m[HTTP][39m [37m<-- POST /wd/hub/session/d5ed7654-d366-461b-bbea-cace4e739056/elements [39m[32m200[39m [90m10197 ms - 139[39m
[35m[HTTP][39m [90m[39m
[35m[HTTP][39m [37m-->[39m [37mGET[39m [37m/wd/hub/session/d5ed7654-d366-461b-bbea-cace4e739056/element/00000000-0000-0117-ffff-ffff000000a2/location[39m
[35m[HTTP][39m [90m{}[39m
[35m[W3C (d5ed7654)][39m Driver proxy active, passing request on via HTTP proxy
[35m[WD Proxy][39m Replacing sessionId 6418846b-bec9-4f15-a23a-c581fe2648ac with d5ed7654-d366-461b-bbea-cace4e739056
[35m[HTTP][39m [37m<-- GET /wd/hub/session/d5ed7654-d366-461b-bbea-cace4e739056/element/00000000-0000-0117-ffff-ffff000000a2/location [39m[32m200[39m [90m20103 ms - 77[39m
[35m[HTTP][39m [90m[39m
[35m[HTTP][39m [37m-->[39m [37mPOST[39m [37m/wd/hub/session/d5ed7654-d366-461b-bbea-cace4e739056/element/00000000-0000-0117-ffff-ffff000000a2/click[39m
[35m[HTTP][39m [90m{"id":"00000000-0000-0117-ffff-ffff000000a2"}[39m
[35m[HTTP][39m [37m<-- POST /wd/hub/session/d5ed7654-d366-461b-bbea-cace4e739056/element/00000000-0000-0117-ffff-ffff000000a2/click [39m[32m200[39m [90m30205 ms - 14[39m
[35m[HTTP][39m [90m[39m
[35m[HTTP][39m [37m-->[39m [37mGET[39m [37m/wd/hub/session/d5ed7654-d366-461b-bbea-cace4e739056/source[39m
[35m[HTTP][39m [90m{}[39m
[35m[W3C (d5ed7654)][39m Driver proxy active, passing request on via HTTP proxy
[35m[WD Proxy][39m Replacing sessionId 6418846b-bec9-4f15-a23a-c581fe2648ac with d5ed7654-d366-461b-bbea-cace4e739056
[35m[HTTP][39m [37m<-- GET /wd/hub/session/d5ed7654-d366-461b-bbea-cace4e739056/source [39m[32m200[39m [90m10353 ms - 19216[39m
[35m[HTTP][39m [90m[39m
[35m[HTTP][39m [37m-->[39m [37mGET[39m [37m/wd/hub/session/d5ed7654-d366-461b-bbea-cace4e739056/screenshot[39m
[35m[HTTP][39m [90m{}[39m
[35m[HTTP][39m [37m<-- GET /wd/hub/session/d5ed7654-d366-461b-bbea-cace4e739056/screenshot [39m[32m200[39m [90m1205 ms - 1306210[39m
[35m[HTTP][39m [90m[39m
[35m[HTTP][39m [37m-->[39m [37mPOST[39m [37m/wd/hub/session/d5ed7654-d366-461b-bbea-cace4e739056/elements[39m
[35m[HTTP][39m [90m{"using":"xpath","value":"//*[@class = 'android.widget.RelativeLayout' and (@text = '' or . = '')]"}[39m
[35m[HTTP][39m [37m<-- POST /wd/hub/session/d5ed7654-d366-461b-bbea-cace4e739056/elements [39m[32m200[39m [90m10290 ms - 1291[39m
[35m[HTTP][39m [90m[39m
[35m[HTTP][39m [37m-->[39m [37mPOST[39m [37m/wd/hub/session/d5ed7654-d366-461b-bbea-cace4e739056/elements[39m
[35m[HTTP][39m [90m{"using":"accessibility id","value":"Galaxy Z"}[39m
[35m[HTTP][39m [37m<-- POST /wd/hub/session/d5ed7654-d366-461b-bbea-cace4e739056/elements [39m[32m200[39m [90m10120 ms - 139[39m
[35m[HTTP][39m [90m[39m
[35m[HTTP][39m [37m-->[39m [37mGET[39m [37m/wd/hub/session/d5ed7654-d366-461b-bbea-cace4e739056/window/rect[39m
[35m[HTTP][39m [90m{}[39m
[35m[HTTP][39m [37m<-- GET /wd/hub/session/d5ed7654-d366-461b-bbea-cace4e739056/window/rect [39m[32m200[39m [90m27 ms - 50[39m
[35m[HTTP][39m [90m[39m
[35m[HTTP][39m [37m-->[39m [37mPOST[39m [37m/wd/hub/session/d5ed7654-d366-461b-bbea-cace4e739056/elements[39m
[35m[HTTP][39m [90m{"using":"accessibility id","value":"Galaxy Z"}[39m
[35m[HTTP][39m [37m<-- POST /wd/hub/session/d5ed7654-d366-461b-bbea-cace4e739056/elements [39m[32m200[39m [90m10100 ms - 139[39m
[35m[HTTP][39m [90m[39m
[35m[HTTP][39m [37m-->[39m [37mGET[39m [37m/wd/hub/session/d5ed7654-d366-461b-bbea-cace4e739056/element/00000000-0000-0117-ffff-ffff000000ea/location[39m
[35m[HTTP][39m [90m{}[39m
[35m[W3C (d5ed7654)][39m Driver proxy active, passing request on via HTTP proxy
[35m[WD Proxy][39m Replacing sessionId 6418846b-bec9-4f15-a23a-c581fe2648ac with d5ed7654-d366-461b-bbea-cace4e739056
[35m[HTTP][39m [37m<-- GET /wd/hub/session/d5ed7654-d366-461b-bbea-cace4e739056/element/00000000-0000-0117-ffff-ffff000000ea/location [39m[32m200[39m [90m20112 ms - 78[39m
[35m[HTTP][39m [90m[39m
[35m[HTTP][39m [37m-->[39m [37mPOST[39m [37m/wd/hub/session/d5ed7654-d366-461b-bbea-cace4e739056/element/00000000-0000-0117-ffff-ffff000000ea/click[39m
[35m[HTTP][39m [90m{"id":"00000000-0000-0117-ffff-ffff000000ea"}[39m
[35m[HTTP][39m [37m<-- POST /wd/hub/session/d5ed7654-d366-461b-bbea-cace4e739056/element/00000000-0000-0117-ffff-ffff000000ea/click [39m[32m200[39m [90m30285 ms - 14[39m
[35m[HTTP][39m [90m[39m
[35m[HTTP][39m [37m-->[39m [37mGET[39m [37m/wd/hub/session/d5ed7654-d366-461b-bbea-cace4e739056/source[39m
[35m[HTTP][39m [90m{}[39m
[35m[W3C (d5ed7654)][39m Driver proxy active, passing request on via HTTP proxy
[35m[WD Proxy][39m Replacing sessionId 6418846b-bec9-4f15-a23a-c581fe2648ac with d5ed7654-d366-461b-bbea-cace4e739056
[35m[HTTP][39m [37m<-- GET /wd/hub/session/d5ed7654-d366-461b-bbea-cace4e739056/source [39m[32m200[39m [90m10726 ms - 46280[39m
[35m[HTTP][39m [90m[39m
[35m[HTTP][39m [37m-->[39m [37mGET[39m [37m/wd/hub/session/d5ed7654-d366-461b-bbea-cace4e739056/screenshot[39m
[35m[HTTP][39m [90m{}[39m
[35m[HTTP][39m [37m<-- GET /wd/hub/session/d5ed7654-d366-461b-bbea-cace4e739056/screenshot [39m[32m200[39m [90m735 ms - 377254[39m
[35m[HTTP][39m [90m[39m
[35m[HTTP][39m [37m-->[39m [37mPOST[39m [37m/wd/hub/session/d5ed7654-d366-461b-bbea-cace4e739056/elements[39m
[35m[HTTP][39m [90m{"using":"xpath","value":"//*[@class = 'android.widget.TextView' and (@text = 'SAVE $1,400.00  with eligible trade-inᶿ and Samsung Financing' or . = 'SAVE $1,400.00  with eligible trade-inᶿ and Samsung Financing') and @resource-id = 'com.samsung.ecomm:id/savings']"}[39m
[35m[HTTP][39m [37m<-- POST /wd/hub/session/d5ed7654-d366-461b-bbea-cace4e739056/elements [39m[32m200[39m [90m10451 ms - 139[39m
[35m[HTTP][39m [90m[39m
[35m[HTTP][39m [37m-->[39m [37mGET[39m [37m/wd/hub/session/d5ed7654-d366-461b-bbea-cace4e739056/window/rect[39m
[35m[HTTP][39m [90m{}[39m
[35m[HTTP][39m [37m<-- GET /wd/hub/session/d5ed7654-d366-461b-bbea-cace4e739056/window/rect [39m[32m200[39m [90m25 ms - 50[39m
[35m[HTTP][39m [90m[39m
[35m[HTTP][39m [37m-->[39m [37mPOST[39m [37m/wd/hub/session/d5ed7654-d366-461b-bbea-cace4e739056/elements[39m
[35m[HTTP][39m [90m{"using":"xpath","value":"//*[@class = 'android.widget.TextView' and (@text = 'SAVE $1,400.00  with eligible trade-inᶿ and Samsung Financing' or . = 'SAVE $1,400.00  with eligible trade-inᶿ and Samsung Financing') and @resource-id = 'com.samsung.ecomm:id/savings']"}[39m
[35m[HTTP][39m [37m<-- POST /wd/hub/session/d5ed7654-d366-461b-bbea-cace4e739056/elements [39m[32m200[39m [90m10363 ms - 139[39m
[35m[HTTP][39m [90m[39m
[35m[HTTP][39m [37m-->[39m [37mGET[39m [37m/wd/hub/session/d5ed7654-d366-461b-bbea-cace4e739056/element/00000000-0000-0117-ffff-ffff00000135/location[39m
[35m[HTTP][39m [90m{}[39m
[35m[W3C (d5ed7654)][39m Driver proxy active, passing request on via HTTP proxy
[35m[WD Proxy][39m Replacing sessionId 6418846b-bec9-4f15-a23a-c581fe2648ac with d5ed7654-d366-461b-bbea-cace4e739056
[35m[HTTP][39m [37m<-- GET /wd/hub/session/d5ed7654-d366-461b-bbea-cace4e739056/element/00000000-0000-0117-ffff-ffff00000135/location [39m[32m200[39m [90m20157 ms - 79[39m
[35m[HTTP][39m [90m[39m
[35m[HTTP][39m [37m-->[39m [37mPOST[39m [37m/wd/hub/session/d5ed7654-d366-461b-bbea-cace4e739056/element/00000000-0000-0117-ffff-ffff00000135/click[39m
[35m[HTTP][39m [90m{"id":"00000000-0000-0117-ffff-ffff00000135"}[39m
[35m[HTTP][39m [37m<-- POST /wd/hub/session/d5ed7654-d366-461b-bbea-cace4e739056/element/00000000-0000-0117-ffff-ffff00000135/click [39m[32m200[39m [90m30296 ms - 14[39m
[35m[HTTP][39m [90m[39m
[35m[HTTP][39m [37m-->[39m [37mGET[39m [37m/wd/hub/session/d5ed7654-d366-461b-bbea-cace4e739056/source[39m
[35m[HTTP][39m [90m{}[39m
[35m[W3C (d5ed7654)][39m Driver proxy active, passing request on via HTTP proxy
[35m[WD Proxy][39m Replacing sessionId 6418846b-bec9-4f15-a23a-c581fe2648ac with d5ed7654-d366-461b-bbea-cace4e739056
[35m[HTTP][39m [37m<-- GET /wd/hub/session/d5ed7654-d366-461b-bbea-cace4e739056/source [39m[32m200[39m [90m10517 ms - 40774[39m
[35m[HTTP][39m [90m[39m
[35m[HTTP][39m [37m-->[39m [37mGET[39m [37m/wd/hub/session/d5ed7654-d366-461b-bbea-cace4e739056/screenshot[39m
[35m[HTTP][39m [90m{}[39m
[35m[HTTP][39m [37m<-- GET /wd/hub/session/d5ed7654-d366-461b-bbea-cace4e739056/screenshot [39m[32m200[39m [90m878 ms - 587476[39m
[35m[HTTP][39m [90m[39m
[35m[HTTP][39m [37m-->[39m [37mPOST[39m [37m/wd/hub/session/d5ed7654-d366-461b-bbea-cace4e739056/elements[39m
[35m[HTTP][39m [90m{"using":"xpath","value":"//*[@class = 'android.widget.TextView' and (@text = 'Galaxy Z Fold3 5G' or . = 'Galaxy Z Fold3 5G') and @resource-id = 'com.samsung.ecomm:id/product_name']"}[39m
[35m[HTTP][39m [37m<-- POST /wd/hub/session/d5ed7654-d366-461b-bbea-cace4e739056/elements [39m[32m200[39m [90m10368 ms - 139[39m
[35m[HTTP][39m [90m[39m
[35m[HTTP][39m [37m-->[39m [37mGET[39m [37m/wd/hub/session/d5ed7654-d366-461b-bbea-cace4e739056/window/rect[39m
[35m[HTTP][39m [90m{}[39m
[35m[HTTP][39m [37m<-- GET /wd/hub/session/d5ed7654-d366-461b-bbea-cace4e739056/window/rect [39m[32m200[39m [90m20 ms - 50[39m
[35m[HTTP][39m [90m[39m
[35m[HTTP][39m [37m-->[39m [37mPOST[39m [37m/wd/hub/session/d5ed7654-d366-461b-bbea-cace4e739056/elements[39m
[35m[HTTP][39m [90m{"using":"xpath","value":"//*[@class = 'android.widget.TextView' and (@text = 'Galaxy Z Fold3 5G' or . = 'Galaxy Z Fold3 5G') and @resource-id = 'com.samsung.ecomm:id/product_name']"}[39m
[35m[HTTP][39m [37m<-- POST /wd/hub/session/d5ed7654-d366-461b-bbea-cace4e739056/elements [39m[32m200[39m [90m10442 ms - 139[39m
[35m[HTTP][39m [90m[39m
[35m[HTTP][39m [37m-->[39m [37mGET[39m [37m/wd/hub/session/d5ed7654-d366-461b-bbea-cace4e739056/element/00000000-0000-0117-ffff-ffff00000130/location[39m
[35m[HTTP][39m [90m{}[39m
[35m[W3C (d5ed7654)][39m Driver proxy active, passing request on via HTTP proxy
[35m[WD Proxy][39m Replacing sessionId 6418846b-bec9-4f15-a23a-c581fe2648ac with d5ed7654-d366-461b-bbea-cace4e739056
[35m[HTTP][39m [37m<-- GET /wd/hub/session/d5ed7654-d366-461b-bbea-cace4e739056/element/00000000-0000-0117-ffff-ffff00000130/location [39m[32m200[39m [90m20163 ms - 78[39m
[35m[HTTP][39m [90m[39m
[35m[HTTP][39m [37m-->[39m [37mPOST[39m [37m/wd/hub/session/d5ed7654-d366-461b-bbea-cace4e739056/element/00000000-0000-0117-ffff-ffff00000130/click[39m
[35m[HTTP][39m [90m{"id":"00000000-0000-0117-ffff-ffff00000130"}[39m
[35m[HTTP][39m [37m<-- POST /wd/hub/session/d5ed7654-d366-461b-bbea-cace4e739056/element/00000000-0000-0117-ffff-ffff00000130/click [39m[32m200[39m [90m30243 ms - 14[39m
[35m[HTTP][39m [90m[39m
[35m[HTTP][39m [37m-->[39m [37mGET[39m [37m/wd/hub/session/d5ed7654-d366-461b-bbea-cace4e739056/source[39m
[35m[HTTP][39m [90m{}[39m
[35m[W3C (d5ed7654)][39m Driver proxy active, passing request on via HTTP proxy
[35m[WD Proxy][39m Replacing sessionId 6418846b-bec9-4f15-a23a-c581fe2648ac with d5ed7654-d366-461b-bbea-cace4e739056
[35m[HTTP][39m [37m<-- GET /wd/hub/session/d5ed7654-d366-461b-bbea-cace4e739056/source [39m[32m200[39m [90m10381 ms - 35236[39m
[35m[HTTP][39m [90m[39m
[35m[HTTP][39m [37m-->[39m [37mGET[39m [37m/wd/hub/session/d5ed7654-d366-461b-bbea-cace4e739056/screenshot[39m
[35m[HTTP][39m [90m{}[39m
[35m[HTTP][39m [37m<-- GET /wd/hub/session/d5ed7654-d366-461b-bbea-cace4e739056/screenshot [39m[32m200[39m [90m1412 ms - 943054[39m
[35m[HTTP][39m [90m[39m
[35m[HTTP][39m [37m-->[39m [37mDELETE[39m [37m/wd/hub/session/d5ed7654-d366-461b-bbea-cace4e739056[39m
[35m[HTTP][39m [90m{}[39m
[35m[Appium][39m Removing session d5ed7654-d366-461b-bbea-cace4e739056 from our master session list
[35m[UiAutomator2][39m Restoring hidden api policy to the device default configuration
[35m[HTTP][39m [37m<-- DELETE /wd/hub/session/d5ed7654-d366-461b-bbea-cace4e739056 [39m[32m200[39m [90m651 ms - 14[39m
[35m[HTTP][39m [90m[39m
